[2023-11-12 17:23:13,564] INFO [Controller id=0 epoch=1] Sending UpdateMetadata request to brokers HashSet(0) for 0 partitions (state.change.logger)
[2023-11-12 17:23:14,217] INFO [Controller id=0 epoch=1] Changed partition order_topics-0 state from NonExistentPartition to NewPartition with assigned replicas 0 (state.change.logger)
[2023-11-12 17:23:14,217] INFO [Controller id=0 epoch=1] Sending UpdateMetadata request to brokers HashSet() for 0 partitions (state.change.logger)
[2023-11-12 17:23:14,219] INFO [Controller id=0 epoch=1] Sending UpdateMetadata request to brokers HashSet() for 0 partitions (state.change.logger)
[2023-11-12 17:23:14,333] INFO [Controller id=0 epoch=1] Changed partition order_topics-0 from NewPartition to OnlinePartition with state LeaderAndIsr(leader=0, leaderEpoch=0, isrWithBrokerEpoch=List(BrokerState(brokerId=0, brokerEpoch=-1)), leaderRecoveryState=RECOVERED, partitionEpoch=0) (state.change.logger)
[2023-11-12 17:23:14,334] INFO [Controller id=0 epoch=1] Sending LeaderAndIsr request to broker 0 with 1 become-leader and 0 become-follower partitions (state.change.logger)
[2023-11-12 17:23:14,336] INFO [Controller id=0 epoch=1] Sending UpdateMetadata request to brokers HashSet(0) for 1 partitions (state.change.logger)
[2023-11-12 17:23:14,337] INFO [Controller id=0 epoch=1] Sending UpdateMetadata request to brokers HashSet() for 0 partitions (state.change.logger)
[2023-11-12 17:23:14,340] INFO [Broker id=0] Handling LeaderAndIsr request correlationId 1 from controller 0 for 1 partitions (state.change.logger)
[2023-11-12 17:23:14,342] INFO [Controller id=0 epoch=1] Changed partition __consumer_offsets-22 state from NonExistentPartition to NewPartition with assigned replicas 0 (state.change.logger)
[2023-11-12 17:23:14,342] INFO [Controller id=0 epoch=1] Changed partition __consumer_offsets-30 state from NonExistentPartition to NewPartition with assigned replicas 0 (state.change.logger)
[2023-11-12 17:23:14,342] INFO [Controller id=0 epoch=1] Changed partition __consumer_offsets-25 state from NonExistentPartition to NewPartition with assigned replicas 0 (state.change.logger)
[2023-11-12 17:23:14,342] INFO [Controller id=0 epoch=1] Changed partition __consumer_offsets-35 state from NonExistentPartition to NewPartition with assigned replicas 0 (state.change.logger)
[2023-11-12 17:23:14,342] INFO [Controller id=0 epoch=1] Changed partition __consumer_offsets-37 state from NonExistentPartition to NewPartition with assigned replicas 0 (state.change.logger)
[2023-11-12 17:23:14,342] INFO [Controller id=0 epoch=1] Changed partition __consumer_offsets-38 state from NonExistentPartition to NewPartition with assigned replicas 0 (state.change.logger)
[2023-11-12 17:23:14,342] INFO [Controller id=0 epoch=1] Changed partition __consumer_offsets-13 state from NonExistentPartition to NewPartition with assigned replicas 0 (state.change.logger)
[2023-11-12 17:23:14,342] INFO [Controller id=0 epoch=1] Changed partition __consumer_offsets-8 state from NonExistentPartition to NewPartition with assigned replicas 0 (state.change.logger)
[2023-11-12 17:23:14,342] INFO [Controller id=0 epoch=1] Changed partition __consumer_offsets-21 state from NonExistentPartition to NewPartition with assigned replicas 0 (state.change.logger)
[2023-11-12 17:23:14,342] INFO [Controller id=0 epoch=1] Changed partition __consumer_offsets-4 state from NonExistentPartition to NewPartition with assigned replicas 0 (state.change.logger)
[2023-11-12 17:23:14,342] INFO [Controller id=0 epoch=1] Changed partition __consumer_offsets-27 state from NonExistentPartition to NewPartition with assigned replicas 0 (state.change.logger)
[2023-11-12 17:23:14,342] INFO [Controller id=0 epoch=1] Changed partition __consumer_offsets-7 state from NonExistentPartition to NewPartition with assigned replicas 0 (state.change.logger)
[2023-11-12 17:23:14,342] INFO [Controller id=0 epoch=1] Changed partition __consumer_offsets-9 state from NonExistentPartition to NewPartition with assigned replicas 0 (state.change.logger)
[2023-11-12 17:23:14,342] INFO [Controller id=0 epoch=1] Changed partition __consumer_offsets-46 state from NonExistentPartition to NewPartition with assigned replicas 0 (state.change.logger)
[2023-11-12 17:23:14,342] INFO [Controller id=0 epoch=1] Changed partition __consumer_offsets-41 state from NonExistentPartition to NewPartition with assigned replicas 0 (state.change.logger)
[2023-11-12 17:23:14,342] INFO [Controller id=0 epoch=1] Changed partition __consumer_offsets-33 state from NonExistentPartition to NewPartition with assigned replicas 0 (state.change.logger)
[2023-11-12 17:23:14,342] INFO [Controller id=0 epoch=1] Changed partition __consumer_offsets-23 state from NonExistentPartition to NewPartition with assigned replicas 0 (state.change.logger)
[2023-11-12 17:23:14,342] INFO [Controller id=0 epoch=1] Changed partition __consumer_offsets-49 state from NonExistentPartition to NewPartition with assigned replicas 0 (state.change.logger)
[2023-11-12 17:23:14,342] INFO [Controller id=0 epoch=1] Changed partition __consumer_offsets-47 state from NonExistentPartition to NewPartition with assigned replicas 0 (state.change.logger)
[2023-11-12 17:23:14,342] INFO [Controller id=0 epoch=1] Changed partition __consumer_offsets-16 state from NonExistentPartition to NewPartition with assigned replicas 0 (state.change.logger)
[2023-11-12 17:23:14,342] INFO [Controller id=0 epoch=1] Changed partition __consumer_offsets-28 state from NonExistentPartition to NewPartition with assigned replicas 0 (state.change.logger)
[2023-11-12 17:23:14,342] INFO [Controller id=0 epoch=1] Changed partition __consumer_offsets-31 state from NonExistentPartition to NewPartition with assigned replicas 0 (state.change.logger)
[2023-11-12 17:23:14,342] INFO [Controller id=0 epoch=1] Changed partition __consumer_offsets-36 state from NonExistentPartition to NewPartition with assigned replicas 0 (state.change.logger)
[2023-11-12 17:23:14,342] INFO [Controller id=0 epoch=1] Changed partition __consumer_offsets-42 state from NonExistentPartition to NewPartition with assigned replicas 0 (state.change.logger)
[2023-11-12 17:23:14,342] INFO [Controller id=0 epoch=1] Changed partition __consumer_offsets-3 state from NonExistentPartition to NewPartition with assigned replicas 0 (state.change.logger)
[2023-11-12 17:23:14,342] INFO [Controller id=0 epoch=1] Changed partition __consumer_offsets-18 state from NonExistentPartition to NewPartition with assigned replicas 0 (state.change.logger)
[2023-11-12 17:23:14,342] INFO [Controller id=0 epoch=1] Changed partition __consumer_offsets-15 state from NonExistentPartition to NewPartition with assigned replicas 0 (state.change.logger)
[2023-11-12 17:23:14,342] INFO [Controller id=0 epoch=1] Changed partition __consumer_offsets-24 state from NonExistentPartition to NewPartition with assigned replicas 0 (state.change.logger)
[2023-11-12 17:23:14,342] INFO [Controller id=0 epoch=1] Changed partition __consumer_offsets-17 state from NonExistentPartition to NewPartition with assigned replicas 0 (state.change.logger)
[2023-11-12 17:23:14,342] INFO [Controller id=0 epoch=1] Changed partition __consumer_offsets-48 state from NonExistentPartition to NewPartition with assigned replicas 0 (state.change.logger)
[2023-11-12 17:23:14,342] INFO [Controller id=0 epoch=1] Changed partition __consumer_offsets-19 state from NonExistentPartition to NewPartition with assigned replicas 0 (state.change.logger)
[2023-11-12 17:23:14,342] INFO [Controller id=0 epoch=1] Changed partition __consumer_offsets-11 state from NonExistentPartition to NewPartition with assigned replicas 0 (state.change.logger)
[2023-11-12 17:23:14,342] INFO [Controller id=0 epoch=1] Changed partition __consumer_offsets-2 state from NonExistentPartition to NewPartition with assigned replicas 0 (state.change.logger)
[2023-11-12 17:23:14,342] INFO [Controller id=0 epoch=1] Changed partition __consumer_offsets-43 state from NonExistentPartition to NewPartition with assigned replicas 0 (state.change.logger)
[2023-11-12 17:23:14,342] INFO [Controller id=0 epoch=1] Changed partition __consumer_offsets-6 state from NonExistentPartition to NewPartition with assigned replicas 0 (state.change.logger)
[2023-11-12 17:23:14,342] INFO [Controller id=0 epoch=1] Changed partition __consumer_offsets-14 state from NonExistentPartition to NewPartition with assigned replicas 0 (state.change.logger)
[2023-11-12 17:23:14,342] INFO [Controller id=0 epoch=1] Changed partition __consumer_offsets-20 state from NonExistentPartition to NewPartition with assigned replicas 0 (state.change.logger)
[2023-11-12 17:23:14,343] INFO [Controller id=0 epoch=1] Changed partition __consumer_offsets-0 state from NonExistentPartition to NewPartition with assigned replicas 0 (state.change.logger)
[2023-11-12 17:23:14,343] INFO [Controller id=0 epoch=1] Changed partition __consumer_offsets-44 state from NonExistentPartition to NewPartition with assigned replicas 0 (state.change.logger)
[2023-11-12 17:23:14,343] INFO [Controller id=0 epoch=1] Changed partition __consumer_offsets-39 state from NonExistentPartition to NewPartition with assigned replicas 0 (state.change.logger)
[2023-11-12 17:23:14,343] INFO [Controller id=0 epoch=1] Changed partition __consumer_offsets-12 state from NonExistentPartition to NewPartition with assigned replicas 0 (state.change.logger)
[2023-11-12 17:23:14,343] INFO [Controller id=0 epoch=1] Changed partition __consumer_offsets-45 state from NonExistentPartition to NewPartition with assigned replicas 0 (state.change.logger)
[2023-11-12 17:23:14,343] INFO [Controller id=0 epoch=1] Changed partition __consumer_offsets-1 state from NonExistentPartition to NewPartition with assigned replicas 0 (state.change.logger)
[2023-11-12 17:23:14,343] INFO [Controller id=0 epoch=1] Changed partition __consumer_offsets-5 state from NonExistentPartition to NewPartition with assigned replicas 0 (state.change.logger)
[2023-11-12 17:23:14,343] INFO [Controller id=0 epoch=1] Changed partition __consumer_offsets-26 state from NonExistentPartition to NewPartition with assigned replicas 0 (state.change.logger)
[2023-11-12 17:23:14,343] INFO [Controller id=0 epoch=1] Changed partition __consumer_offsets-29 state from NonExistentPartition to NewPartition with assigned replicas 0 (state.change.logger)
[2023-11-12 17:23:14,343] INFO [Controller id=0 epoch=1] Changed partition __consumer_offsets-34 state from NonExistentPartition to NewPartition with assigned replicas 0 (state.change.logger)
[2023-11-12 17:23:14,343] INFO [Controller id=0 epoch=1] Changed partition __consumer_offsets-10 state from NonExistentPartition to NewPartition with assigned replicas 0 (state.change.logger)
[2023-11-12 17:23:14,343] INFO [Controller id=0 epoch=1] Changed partition __consumer_offsets-32 state from NonExistentPartition to NewPartition with assigned replicas 0 (state.change.logger)
[2023-11-12 17:23:14,343] INFO [Controller id=0 epoch=1] Changed partition __consumer_offsets-40 state from NonExistentPartition to NewPartition with assigned replicas 0 (state.change.logger)
[2023-11-12 17:23:14,343] INFO [Controller id=0 epoch=1] Sending UpdateMetadata request to brokers HashSet() for 0 partitions (state.change.logger)
[2023-11-12 17:23:14,344] INFO [Controller id=0 epoch=1] Sending UpdateMetadata request to brokers HashSet() for 0 partitions (state.change.logger)
[2023-11-12 17:23:14,363] INFO [Broker id=0] Stopped fetchers as part of LeaderAndIsr request correlationId 1 from controller 0 epoch 1 as part of the become-leader transition for 1 partitions (state.change.logger)
[2023-11-12 17:23:14,663] INFO [Broker id=0] Leader order_topics-0 with topic id Some(ZCGy4XGHQ7Csa8c6kJfUBw) starts at leader epoch 0 from offset 0 with partition epoch 0, high watermark 0, ISR [0], adding replicas [] and removing replicas [] . Previous leader epoch was -1. (state.change.logger)
[2023-11-12 17:23:14,739] INFO [Broker id=0] Finished LeaderAndIsr request in 400ms correlationId 1 from controller 0 for 1 partitions (state.change.logger)
[2023-11-12 17:23:14,755] INFO [Broker id=0] Add 1 partitions and deleted 0 partitions from metadata cache in response to UpdateMetadata request sent by controller 0 epoch 1 with correlation id 2 (state.change.logger)
[2023-11-12 17:23:14,990] INFO [Controller id=0 epoch=1] Changed partition __consumer_offsets-22 from NewPartition to OnlinePartition with state LeaderAndIsr(leader=0, leaderEpoch=0, isrWithBrokerEpoch=List(BrokerState(brokerId=0, brokerEpoch=-1)), leaderRecoveryState=RECOVERED, partitionEpoch=0) (state.change.logger)
[2023-11-12 17:23:14,999] INFO [Controller id=0 epoch=1] Changed partition __consumer_offsets-30 from NewPartition to OnlinePartition with state LeaderAndIsr(leader=0, leaderEpoch=0, isrWithBrokerEpoch=List(BrokerState(brokerId=0, brokerEpoch=-1)), leaderRecoveryState=RECOVERED, partitionEpoch=0) (state.change.logger)
[2023-11-12 17:23:14,999] INFO [Controller id=0 epoch=1] Changed partition __consumer_offsets-25 from NewPartition to OnlinePartition with state LeaderAndIsr(leader=0, leaderEpoch=0, isrWithBrokerEpoch=List(BrokerState(brokerId=0, brokerEpoch=-1)), leaderRecoveryState=RECOVERED, partitionEpoch=0) (state.change.logger)
[2023-11-12 17:23:14,999] INFO [Controller id=0 epoch=1] Changed partition __consumer_offsets-35 from NewPartition to OnlinePartition with state LeaderAndIsr(leader=0, leaderEpoch=0, isrWithBrokerEpoch=List(BrokerState(brokerId=0, brokerEpoch=-1)), leaderRecoveryState=RECOVERED, partitionEpoch=0) (state.change.logger)
[2023-11-12 17:23:14,999] INFO [Controller id=0 epoch=1] Changed partition __consumer_offsets-37 from NewPartition to OnlinePartition with state LeaderAndIsr(leader=0, leaderEpoch=0, isrWithBrokerEpoch=List(BrokerState(brokerId=0, brokerEpoch=-1)), leaderRecoveryState=RECOVERED, partitionEpoch=0) (state.change.logger)
[2023-11-12 17:23:14,999] INFO [Controller id=0 epoch=1] Changed partition __consumer_offsets-38 from NewPartition to OnlinePartition with state LeaderAndIsr(leader=0, leaderEpoch=0, isrWithBrokerEpoch=List(BrokerState(brokerId=0, brokerEpoch=-1)), leaderRecoveryState=RECOVERED, partitionEpoch=0) (state.change.logger)
[2023-11-12 17:23:14,999] INFO [Controller id=0 epoch=1] Changed partition __consumer_offsets-13 from NewPartition to OnlinePartition with state LeaderAndIsr(leader=0, leaderEpoch=0, isrWithBrokerEpoch=List(BrokerState(brokerId=0, brokerEpoch=-1)), leaderRecoveryState=RECOVERED, partitionEpoch=0) (state.change.logger)
[2023-11-12 17:23:14,999] INFO [Controller id=0 epoch=1] Changed partition __consumer_offsets-8 from NewPartition to OnlinePartition with state LeaderAndIsr(leader=0, leaderEpoch=0, isrWithBrokerEpoch=List(BrokerState(brokerId=0, brokerEpoch=-1)), leaderRecoveryState=RECOVERED, partitionEpoch=0) (state.change.logger)
[2023-11-12 17:23:14,999] INFO [Controller id=0 epoch=1] Changed partition __consumer_offsets-21 from NewPartition to OnlinePartition with state LeaderAndIsr(leader=0, leaderEpoch=0, isrWithBrokerEpoch=List(BrokerState(brokerId=0, brokerEpoch=-1)), leaderRecoveryState=RECOVERED, partitionEpoch=0) (state.change.logger)
[2023-11-12 17:23:15,000] INFO [Controller id=0 epoch=1] Changed partition __consumer_offsets-4 from NewPartition to OnlinePartition with state LeaderAndIsr(leader=0, leaderEpoch=0, isrWithBrokerEpoch=List(BrokerState(brokerId=0, brokerEpoch=-1)), leaderRecoveryState=RECOVERED, partitionEpoch=0) (state.change.logger)
[2023-11-12 17:23:15,000] INFO [Controller id=0 epoch=1] Changed partition __consumer_offsets-27 from NewPartition to OnlinePartition with state LeaderAndIsr(leader=0, leaderEpoch=0, isrWithBrokerEpoch=List(BrokerState(brokerId=0, brokerEpoch=-1)), leaderRecoveryState=RECOVERED, partitionEpoch=0) (state.change.logger)
[2023-11-12 17:23:15,000] INFO [Controller id=0 epoch=1] Changed partition __consumer_offsets-7 from NewPartition to OnlinePartition with state LeaderAndIsr(leader=0, leaderEpoch=0, isrWithBrokerEpoch=List(BrokerState(brokerId=0, brokerEpoch=-1)), leaderRecoveryState=RECOVERED, partitionEpoch=0) (state.change.logger)
[2023-11-12 17:23:15,000] INFO [Controller id=0 epoch=1] Changed partition __consumer_offsets-9 from NewPartition to OnlinePartition with state LeaderAndIsr(leader=0, leaderEpoch=0, isrWithBrokerEpoch=List(BrokerState(brokerId=0, brokerEpoch=-1)), leaderRecoveryState=RECOVERED, partitionEpoch=0) (state.change.logger)
[2023-11-12 17:23:15,000] INFO [Controller id=0 epoch=1] Changed partition __consumer_offsets-46 from NewPartition to OnlinePartition with state LeaderAndIsr(leader=0, leaderEpoch=0, isrWithBrokerEpoch=List(BrokerState(brokerId=0, brokerEpoch=-1)), leaderRecoveryState=RECOVERED, partitionEpoch=0) (state.change.logger)
[2023-11-12 17:23:15,000] INFO [Controller id=0 epoch=1] Changed partition __consumer_offsets-41 from NewPartition to OnlinePartition with state LeaderAndIsr(leader=0, leaderEpoch=0, isrWithBrokerEpoch=List(BrokerState(brokerId=0, brokerEpoch=-1)), leaderRecoveryState=RECOVERED, partitionEpoch=0) (state.change.logger)
[2023-11-12 17:23:15,000] INFO [Controller id=0 epoch=1] Changed partition __consumer_offsets-33 from NewPartition to OnlinePartition with state LeaderAndIsr(leader=0, leaderEpoch=0, isrWithBrokerEpoch=List(BrokerState(brokerId=0, brokerEpoch=-1)), leaderRecoveryState=RECOVERED, partitionEpoch=0) (state.change.logger)
[2023-11-12 17:23:15,000] INFO [Controller id=0 epoch=1] Changed partition __consumer_offsets-23 from NewPartition to OnlinePartition with state LeaderAndIsr(leader=0, leaderEpoch=0, isrWithBrokerEpoch=List(BrokerState(brokerId=0, brokerEpoch=-1)), leaderRecoveryState=RECOVERED, partitionEpoch=0) (state.change.logger)
[2023-11-12 17:23:15,000] INFO [Controller id=0 epoch=1] Changed partition __consumer_offsets-49 from NewPartition to OnlinePartition with state LeaderAndIsr(leader=0, leaderEpoch=0, isrWithBrokerEpoch=List(BrokerState(brokerId=0, brokerEpoch=-1)), leaderRecoveryState=RECOVERED, partitionEpoch=0) (state.change.logger)
[2023-11-12 17:23:15,000] INFO [Controller id=0 epoch=1] Changed partition __consumer_offsets-47 from NewPartition to OnlinePartition with state LeaderAndIsr(leader=0, leaderEpoch=0, isrWithBrokerEpoch=List(BrokerState(brokerId=0, brokerEpoch=-1)), leaderRecoveryState=RECOVERED, partitionEpoch=0) (state.change.logger)
[2023-11-12 17:23:15,000] INFO [Controller id=0 epoch=1] Changed partition __consumer_offsets-16 from NewPartition to OnlinePartition with state LeaderAndIsr(leader=0, leaderEpoch=0, isrWithBrokerEpoch=List(BrokerState(brokerId=0, brokerEpoch=-1)), leaderRecoveryState=RECOVERED, partitionEpoch=0) (state.change.logger)
[2023-11-12 17:23:15,000] INFO [Controller id=0 epoch=1] Changed partition __consumer_offsets-28 from NewPartition to OnlinePartition with state LeaderAndIsr(leader=0, leaderEpoch=0, isrWithBrokerEpoch=List(BrokerState(brokerId=0, brokerEpoch=-1)), leaderRecoveryState=RECOVERED, partitionEpoch=0) (state.change.logger)
[2023-11-12 17:23:15,000] INFO [Controller id=0 epoch=1] Changed partition __consumer_offsets-31 from NewPartition to OnlinePartition with state LeaderAndIsr(leader=0, leaderEpoch=0, isrWithBrokerEpoch=List(BrokerState(brokerId=0, brokerEpoch=-1)), leaderRecoveryState=RECOVERED, partitionEpoch=0) (state.change.logger)
[2023-11-12 17:23:15,000] INFO [Controller id=0 epoch=1] Changed partition __consumer_offsets-36 from NewPartition to OnlinePartition with state LeaderAndIsr(leader=0, leaderEpoch=0, isrWithBrokerEpoch=List(BrokerState(brokerId=0, brokerEpoch=-1)), leaderRecoveryState=RECOVERED, partitionEpoch=0) (state.change.logger)
[2023-11-12 17:23:15,000] INFO [Controller id=0 epoch=1] Changed partition __consumer_offsets-42 from NewPartition to OnlinePartition with state LeaderAndIsr(leader=0, leaderEpoch=0, isrWithBrokerEpoch=List(BrokerState(brokerId=0, brokerEpoch=-1)), leaderRecoveryState=RECOVERED, partitionEpoch=0) (state.change.logger)
[2023-11-12 17:23:15,000] INFO [Controller id=0 epoch=1] Changed partition __consumer_offsets-3 from NewPartition to OnlinePartition with state LeaderAndIsr(leader=0, leaderEpoch=0, isrWithBrokerEpoch=List(BrokerState(brokerId=0, brokerEpoch=-1)), leaderRecoveryState=RECOVERED, partitionEpoch=0) (state.change.logger)
[2023-11-12 17:23:15,000] INFO [Controller id=0 epoch=1] Changed partition __consumer_offsets-18 from NewPartition to OnlinePartition with state LeaderAndIsr(leader=0, leaderEpoch=0, isrWithBrokerEpoch=List(BrokerState(brokerId=0, brokerEpoch=-1)), leaderRecoveryState=RECOVERED, partitionEpoch=0) (state.change.logger)
[2023-11-12 17:23:15,000] INFO [Controller id=0 epoch=1] Changed partition __consumer_offsets-15 from NewPartition to OnlinePartition with state LeaderAndIsr(leader=0, leaderEpoch=0, isrWithBrokerEpoch=List(BrokerState(brokerId=0, brokerEpoch=-1)), leaderRecoveryState=RECOVERED, partitionEpoch=0) (state.change.logger)
[2023-11-12 17:23:15,000] INFO [Controller id=0 epoch=1] Changed partition __consumer_offsets-24 from NewPartition to OnlinePartition with state LeaderAndIsr(leader=0, leaderEpoch=0, isrWithBrokerEpoch=List(BrokerState(brokerId=0, brokerEpoch=-1)), leaderRecoveryState=RECOVERED, partitionEpoch=0) (state.change.logger)
[2023-11-12 17:23:15,000] INFO [Controller id=0 epoch=1] Changed partition __consumer_offsets-17 from NewPartition to OnlinePartition with state LeaderAndIsr(leader=0, leaderEpoch=0, isrWithBrokerEpoch=List(BrokerState(brokerId=0, brokerEpoch=-1)), leaderRecoveryState=RECOVERED, partitionEpoch=0) (state.change.logger)
[2023-11-12 17:23:15,000] INFO [Controller id=0 epoch=1] Changed partition __consumer_offsets-48 from NewPartition to OnlinePartition with state LeaderAndIsr(leader=0, leaderEpoch=0, isrWithBrokerEpoch=List(BrokerState(brokerId=0, brokerEpoch=-1)), leaderRecoveryState=RECOVERED, partitionEpoch=0) (state.change.logger)
[2023-11-12 17:23:15,000] INFO [Controller id=0 epoch=1] Changed partition __consumer_offsets-19 from NewPartition to OnlinePartition with state LeaderAndIsr(leader=0, leaderEpoch=0, isrWithBrokerEpoch=List(BrokerState(brokerId=0, brokerEpoch=-1)), leaderRecoveryState=RECOVERED, partitionEpoch=0) (state.change.logger)
[2023-11-12 17:23:15,001] INFO [Controller id=0 epoch=1] Changed partition __consumer_offsets-11 from NewPartition to OnlinePartition with state LeaderAndIsr(leader=0, leaderEpoch=0, isrWithBrokerEpoch=List(BrokerState(brokerId=0, brokerEpoch=-1)), leaderRecoveryState=RECOVERED, partitionEpoch=0) (state.change.logger)
[2023-11-12 17:23:15,001] INFO [Controller id=0 epoch=1] Changed partition __consumer_offsets-2 from NewPartition to OnlinePartition with state LeaderAndIsr(leader=0, leaderEpoch=0, isrWithBrokerEpoch=List(BrokerState(brokerId=0, brokerEpoch=-1)), leaderRecoveryState=RECOVERED, partitionEpoch=0) (state.change.logger)
[2023-11-12 17:23:15,001] INFO [Controller id=0 epoch=1] Changed partition __consumer_offsets-43 from NewPartition to OnlinePartition with state LeaderAndIsr(leader=0, leaderEpoch=0, isrWithBrokerEpoch=List(BrokerState(brokerId=0, brokerEpoch=-1)), leaderRecoveryState=RECOVERED, partitionEpoch=0) (state.change.logger)
[2023-11-12 17:23:15,001] INFO [Controller id=0 epoch=1] Changed partition __consumer_offsets-6 from NewPartition to OnlinePartition with state LeaderAndIsr(leader=0, leaderEpoch=0, isrWithBrokerEpoch=List(BrokerState(brokerId=0, brokerEpoch=-1)), leaderRecoveryState=RECOVERED, partitionEpoch=0) (state.change.logger)
[2023-11-12 17:23:15,001] INFO [Controller id=0 epoch=1] Changed partition __consumer_offsets-14 from NewPartition to OnlinePartition with state LeaderAndIsr(leader=0, leaderEpoch=0, isrWithBrokerEpoch=List(BrokerState(brokerId=0, brokerEpoch=-1)), leaderRecoveryState=RECOVERED, partitionEpoch=0) (state.change.logger)
[2023-11-12 17:23:15,001] INFO [Controller id=0 epoch=1] Changed partition __consumer_offsets-20 from NewPartition to OnlinePartition with state LeaderAndIsr(leader=0, leaderEpoch=0, isrWithBrokerEpoch=List(BrokerState(brokerId=0, brokerEpoch=-1)), leaderRecoveryState=RECOVERED, partitionEpoch=0) (state.change.logger)
[2023-11-12 17:23:15,001] INFO [Controller id=0 epoch=1] Changed partition __consumer_offsets-0 from NewPartition to OnlinePartition with state LeaderAndIsr(leader=0, leaderEpoch=0, isrWithBrokerEpoch=List(BrokerState(brokerId=0, brokerEpoch=-1)), leaderRecoveryState=RECOVERED, partitionEpoch=0) (state.change.logger)
[2023-11-12 17:23:15,001] INFO [Controller id=0 epoch=1] Changed partition __consumer_offsets-44 from NewPartition to OnlinePartition with state LeaderAndIsr(leader=0, leaderEpoch=0, isrWithBrokerEpoch=List(BrokerState(brokerId=0, brokerEpoch=-1)), leaderRecoveryState=RECOVERED, partitionEpoch=0) (state.change.logger)
[2023-11-12 17:23:15,001] INFO [Controller id=0 epoch=1] Changed partition __consumer_offsets-39 from NewPartition to OnlinePartition with state LeaderAndIsr(leader=0, leaderEpoch=0, isrWithBrokerEpoch=List(BrokerState(brokerId=0, brokerEpoch=-1)), leaderRecoveryState=RECOVERED, partitionEpoch=0) (state.change.logger)
[2023-11-12 17:23:15,001] INFO [Controller id=0 epoch=1] Changed partition __consumer_offsets-12 from NewPartition to OnlinePartition with state LeaderAndIsr(leader=0, leaderEpoch=0, isrWithBrokerEpoch=List(BrokerState(brokerId=0, brokerEpoch=-1)), leaderRecoveryState=RECOVERED, partitionEpoch=0) (state.change.logger)
[2023-11-12 17:23:15,001] INFO [Controller id=0 epoch=1] Changed partition __consumer_offsets-45 from NewPartition to OnlinePartition with state LeaderAndIsr(leader=0, leaderEpoch=0, isrWithBrokerEpoch=List(BrokerState(brokerId=0, brokerEpoch=-1)), leaderRecoveryState=RECOVERED, partitionEpoch=0) (state.change.logger)
[2023-11-12 17:23:15,001] INFO [Controller id=0 epoch=1] Changed partition __consumer_offsets-1 from NewPartition to OnlinePartition with state LeaderAndIsr(leader=0, leaderEpoch=0, isrWithBrokerEpoch=List(BrokerState(brokerId=0, brokerEpoch=-1)), leaderRecoveryState=RECOVERED, partitionEpoch=0) (state.change.logger)
[2023-11-12 17:23:15,001] INFO [Controller id=0 epoch=1] Changed partition __consumer_offsets-5 from NewPartition to OnlinePartition with state LeaderAndIsr(leader=0, leaderEpoch=0, isrWithBrokerEpoch=List(BrokerState(brokerId=0, brokerEpoch=-1)), leaderRecoveryState=RECOVERED, partitionEpoch=0) (state.change.logger)
[2023-11-12 17:23:15,001] INFO [Controller id=0 epoch=1] Changed partition __consumer_offsets-26 from NewPartition to OnlinePartition with state LeaderAndIsr(leader=0, leaderEpoch=0, isrWithBrokerEpoch=List(BrokerState(brokerId=0, brokerEpoch=-1)), leaderRecoveryState=RECOVERED, partitionEpoch=0) (state.change.logger)
[2023-11-12 17:23:15,001] INFO [Controller id=0 epoch=1] Changed partition __consumer_offsets-29 from NewPartition to OnlinePartition with state LeaderAndIsr(leader=0, leaderEpoch=0, isrWithBrokerEpoch=List(BrokerState(brokerId=0, brokerEpoch=-1)), leaderRecoveryState=RECOVERED, partitionEpoch=0) (state.change.logger)
[2023-11-12 17:23:15,001] INFO [Controller id=0 epoch=1] Changed partition __consumer_offsets-34 from NewPartition to OnlinePartition with state LeaderAndIsr(leader=0, leaderEpoch=0, isrWithBrokerEpoch=List(BrokerState(brokerId=0, brokerEpoch=-1)), leaderRecoveryState=RECOVERED, partitionEpoch=0) (state.change.logger)
[2023-11-12 17:23:15,001] INFO [Controller id=0 epoch=1] Changed partition __consumer_offsets-10 from NewPartition to OnlinePartition with state LeaderAndIsr(leader=0, leaderEpoch=0, isrWithBrokerEpoch=List(BrokerState(brokerId=0, brokerEpoch=-1)), leaderRecoveryState=RECOVERED, partitionEpoch=0) (state.change.logger)
[2023-11-12 17:23:15,001] INFO [Controller id=0 epoch=1] Changed partition __consumer_offsets-32 from NewPartition to OnlinePartition with state LeaderAndIsr(leader=0, leaderEpoch=0, isrWithBrokerEpoch=List(BrokerState(brokerId=0, brokerEpoch=-1)), leaderRecoveryState=RECOVERED, partitionEpoch=0) (state.change.logger)
[2023-11-12 17:23:15,001] INFO [Controller id=0 epoch=1] Changed partition __consumer_offsets-40 from NewPartition to OnlinePartition with state LeaderAndIsr(leader=0, leaderEpoch=0, isrWithBrokerEpoch=List(BrokerState(brokerId=0, brokerEpoch=-1)), leaderRecoveryState=RECOVERED, partitionEpoch=0) (state.change.logger)
[2023-11-12 17:23:15,001] INFO [Controller id=0 epoch=1] Sending LeaderAndIsr request to broker 0 with 50 become-leader and 0 become-follower partitions (state.change.logger)
[2023-11-12 17:23:15,002] INFO [Controller id=0 epoch=1] Sending UpdateMetadata request to brokers HashSet(0) for 50 partitions (state.change.logger)
[2023-11-12 17:23:15,003] INFO [Controller id=0 epoch=1] Sending UpdateMetadata request to brokers HashSet() for 0 partitions (state.change.logger)
[2023-11-12 17:23:15,004] INFO [Broker id=0] Handling LeaderAndIsr request correlationId 3 from controller 0 for 50 partitions (state.change.logger)
[2023-11-12 17:23:15,018] INFO [Broker id=0] Stopped fetchers as part of LeaderAndIsr request correlationId 3 from controller 0 epoch 1 as part of the become-leader transition for 50 partitions (state.change.logger)
[2023-11-12 17:23:15,041] INFO [Broker id=0] Leader __consumer_offsets-3 with topic id Some(H3BW9gl8Sm29C65k_Oel1Q) starts at leader epoch 0 from offset 0 with partition epoch 0, high watermark 0, ISR [0], adding replicas [] and removing replicas [] . Previous leader epoch was -1. (state.change.logger)
[2023-11-12 17:23:15,063] INFO [Broker id=0] Leader __consumer_offsets-18 with topic id Some(H3BW9gl8Sm29C65k_Oel1Q) starts at leader epoch 0 from offset 0 with partition epoch 0, high watermark 0, ISR [0], adding replicas [] and removing replicas [] . Previous leader epoch was -1. (state.change.logger)
[2023-11-12 17:23:15,085] INFO [Broker id=0] Leader __consumer_offsets-41 with topic id Some(H3BW9gl8Sm29C65k_Oel1Q) starts at leader epoch 0 from offset 0 with partition epoch 0, high watermark 0, ISR [0], adding replicas [] and removing replicas [] . Previous leader epoch was -1. (state.change.logger)
[2023-11-12 17:23:15,124] INFO [Broker id=0] Leader __consumer_offsets-10 with topic id Some(H3BW9gl8Sm29C65k_Oel1Q) starts at leader epoch 0 from offset 0 with partition epoch 0, high watermark 0, ISR [0], adding replicas [] and removing replicas [] . Previous leader epoch was -1. (state.change.logger)
[2023-11-12 17:23:15,163] INFO [Broker id=0] Leader __consumer_offsets-33 with topic id Some(H3BW9gl8Sm29C65k_Oel1Q) starts at leader epoch 0 from offset 0 with partition epoch 0, high watermark 0, ISR [0], adding replicas [] and removing replicas [] . Previous leader epoch was -1. (state.change.logger)
[2023-11-12 17:23:15,202] INFO [Broker id=0] Leader __consumer_offsets-48 with topic id Some(H3BW9gl8Sm29C65k_Oel1Q) starts at leader epoch 0 from offset 0 with partition epoch 0, high watermark 0, ISR [0], adding replicas [] and removing replicas [] . Previous leader epoch was -1. (state.change.logger)
[2023-11-12 17:23:15,243] INFO [Broker id=0] Leader __consumer_offsets-19 with topic id Some(H3BW9gl8Sm29C65k_Oel1Q) starts at leader epoch 0 from offset 0 with partition epoch 0, high watermark 0, ISR [0], adding replicas [] and removing replicas [] . Previous leader epoch was -1. (state.change.logger)
[2023-11-12 17:23:15,286] INFO [Broker id=0] Leader __consumer_offsets-34 with topic id Some(H3BW9gl8Sm29C65k_Oel1Q) starts at leader epoch 0 from offset 0 with partition epoch 0, high watermark 0, ISR [0], adding replicas [] and removing replicas [] . Previous leader epoch was -1. (state.change.logger)
[2023-11-12 17:23:15,326] INFO [Broker id=0] Leader __consumer_offsets-4 with topic id Some(H3BW9gl8Sm29C65k_Oel1Q) starts at leader epoch 0 from offset 0 with partition epoch 0, high watermark 0, ISR [0], adding replicas [] and removing replicas [] . Previous leader epoch was -1. (state.change.logger)
[2023-11-12 17:23:15,365] INFO [Broker id=0] Leader __consumer_offsets-11 with topic id Some(H3BW9gl8Sm29C65k_Oel1Q) starts at leader epoch 0 from offset 0 with partition epoch 0, high watermark 0, ISR [0], adding replicas [] and removing replicas [] . Previous leader epoch was -1. (state.change.logger)
[2023-11-12 17:23:15,405] INFO [Broker id=0] Leader __consumer_offsets-26 with topic id Some(H3BW9gl8Sm29C65k_Oel1Q) starts at leader epoch 0 from offset 0 with partition epoch 0, high watermark 0, ISR [0], adding replicas [] and removing replicas [] . Previous leader epoch was -1. (state.change.logger)
[2023-11-12 17:23:15,445] INFO [Broker id=0] Leader __consumer_offsets-49 with topic id Some(H3BW9gl8Sm29C65k_Oel1Q) starts at leader epoch 0 from offset 0 with partition epoch 0, high watermark 0, ISR [0], adding replicas [] and removing replicas [] . Previous leader epoch was -1. (state.change.logger)
[2023-11-12 17:23:15,486] INFO [Broker id=0] Leader __consumer_offsets-39 with topic id Some(H3BW9gl8Sm29C65k_Oel1Q) starts at leader epoch 0 from offset 0 with partition epoch 0, high watermark 0, ISR [0], adding replicas [] and removing replicas [] . Previous leader epoch was -1. (state.change.logger)
[2023-11-12 17:23:15,527] INFO [Broker id=0] Leader __consumer_offsets-9 with topic id Some(H3BW9gl8Sm29C65k_Oel1Q) starts at leader epoch 0 from offset 0 with partition epoch 0, high watermark 0, ISR [0], adding replicas [] and removing replicas [] . Previous leader epoch was -1. (state.change.logger)
[2023-11-12 17:23:15,566] INFO [Broker id=0] Leader __consumer_offsets-24 with topic id Some(H3BW9gl8Sm29C65k_Oel1Q) starts at leader epoch 0 from offset 0 with partition epoch 0, high watermark 0, ISR [0], adding replicas [] and removing replicas [] . Previous leader epoch was -1. (state.change.logger)
[2023-11-12 17:23:15,606] INFO [Broker id=0] Leader __consumer_offsets-31 with topic id Some(H3BW9gl8Sm29C65k_Oel1Q) starts at leader epoch 0 from offset 0 with partition epoch 0, high watermark 0, ISR [0], adding replicas [] and removing replicas [] . Previous leader epoch was -1. (state.change.logger)
[2023-11-12 17:23:15,661] INFO [Broker id=0] Leader __consumer_offsets-46 with topic id Some(H3BW9gl8Sm29C65k_Oel1Q) starts at leader epoch 0 from offset 0 with partition epoch 0, high watermark 0, ISR [0], adding replicas [] and removing replicas [] . Previous leader epoch was -1. (state.change.logger)
[2023-11-12 17:23:15,701] INFO [Broker id=0] Leader __consumer_offsets-1 with topic id Some(H3BW9gl8Sm29C65k_Oel1Q) starts at leader epoch 0 from offset 0 with partition epoch 0, high watermark 0, ISR [0], adding replicas [] and removing replicas [] . Previous leader epoch was -1. (state.change.logger)
[2023-11-12 17:23:15,741] INFO [Broker id=0] Leader __consumer_offsets-16 with topic id Some(H3BW9gl8Sm29C65k_Oel1Q) starts at leader epoch 0 from offset 0 with partition epoch 0, high watermark 0, ISR [0], adding replicas [] and removing replicas [] . Previous leader epoch was -1. (state.change.logger)
[2023-11-12 17:23:15,782] INFO [Broker id=0] Leader __consumer_offsets-2 with topic id Some(H3BW9gl8Sm29C65k_Oel1Q) starts at leader epoch 0 from offset 0 with partition epoch 0, high watermark 0, ISR [0], adding replicas [] and removing replicas [] . Previous leader epoch was -1. (state.change.logger)
[2023-11-12 17:23:15,822] INFO [Broker id=0] Leader __consumer_offsets-25 with topic id Some(H3BW9gl8Sm29C65k_Oel1Q) starts at leader epoch 0 from offset 0 with partition epoch 0, high watermark 0, ISR [0], adding replicas [] and removing replicas [] . Previous leader epoch was -1. (state.change.logger)
[2023-11-12 17:23:15,862] INFO [Broker id=0] Leader __consumer_offsets-40 with topic id Some(H3BW9gl8Sm29C65k_Oel1Q) starts at leader epoch 0 from offset 0 with partition epoch 0, high watermark 0, ISR [0], adding replicas [] and removing replicas [] . Previous leader epoch was -1. (state.change.logger)
[2023-11-12 17:23:15,901] INFO [Broker id=0] Leader __consumer_offsets-47 with topic id Some(H3BW9gl8Sm29C65k_Oel1Q) starts at leader epoch 0 from offset 0 with partition epoch 0, high watermark 0, ISR [0], adding replicas [] and removing replicas [] . Previous leader epoch was -1. (state.change.logger)
[2023-11-12 17:23:15,941] INFO [Broker id=0] Leader __consumer_offsets-17 with topic id Some(H3BW9gl8Sm29C65k_Oel1Q) starts at leader epoch 0 from offset 0 with partition epoch 0, high watermark 0, ISR [0], adding replicas [] and removing replicas [] . Previous leader epoch was -1. (state.change.logger)
[2023-11-12 17:23:15,981] INFO [Broker id=0] Leader __consumer_offsets-32 with topic id Some(H3BW9gl8Sm29C65k_Oel1Q) starts at leader epoch 0 from offset 0 with partition epoch 0, high watermark 0, ISR [0], adding replicas [] and removing replicas [] . Previous leader epoch was -1. (state.change.logger)
[2023-11-12 17:23:16,023] INFO [Broker id=0] Leader __consumer_offsets-37 with topic id Some(H3BW9gl8Sm29C65k_Oel1Q) starts at leader epoch 0 from offset 0 with partition epoch 0, high watermark 0, ISR [0], adding replicas [] and removing replicas [] . Previous leader epoch was -1. (state.change.logger)
[2023-11-12 17:23:16,079] INFO [Broker id=0] Leader __consumer_offsets-7 with topic id Some(H3BW9gl8Sm29C65k_Oel1Q) starts at leader epoch 0 from offset 0 with partition epoch 0, high watermark 0, ISR [0], adding replicas [] and removing replicas [] . Previous leader epoch was -1. (state.change.logger)
[2023-11-12 17:23:16,119] INFO [Broker id=0] Leader __consumer_offsets-22 with topic id Some(H3BW9gl8Sm29C65k_Oel1Q) starts at leader epoch 0 from offset 0 with partition epoch 0, high watermark 0, ISR [0], adding replicas [] and removing replicas [] . Previous leader epoch was -1. (state.change.logger)
[2023-11-12 17:23:16,160] INFO [Broker id=0] Leader __consumer_offsets-29 with topic id Some(H3BW9gl8Sm29C65k_Oel1Q) starts at leader epoch 0 from offset 0 with partition epoch 0, high watermark 0, ISR [0], adding replicas [] and removing replicas [] . Previous leader epoch was -1. (state.change.logger)
[2023-11-12 17:23:16,200] INFO [Broker id=0] Leader __consumer_offsets-44 with topic id Some(H3BW9gl8Sm29C65k_Oel1Q) starts at leader epoch 0 from offset 0 with partition epoch 0, high watermark 0, ISR [0], adding replicas [] and removing replicas [] . Previous leader epoch was -1. (state.change.logger)
[2023-11-12 17:23:16,244] INFO [Broker id=0] Leader __consumer_offsets-14 with topic id Some(H3BW9gl8Sm29C65k_Oel1Q) starts at leader epoch 0 from offset 0 with partition epoch 0, high watermark 0, ISR [0], adding replicas [] and removing replicas [] . Previous leader epoch was -1. (state.change.logger)
[2023-11-12 17:23:16,284] INFO [Broker id=0] Leader __consumer_offsets-23 with topic id Some(H3BW9gl8Sm29C65k_Oel1Q) starts at leader epoch 0 from offset 0 with partition epoch 0, high watermark 0, ISR [0], adding replicas [] and removing replicas [] . Previous leader epoch was -1. (state.change.logger)
[2023-11-12 17:23:16,325] INFO [Broker id=0] Leader __consumer_offsets-38 with topic id Some(H3BW9gl8Sm29C65k_Oel1Q) starts at leader epoch 0 from offset 0 with partition epoch 0, high watermark 0, ISR [0], adding replicas [] and removing replicas [] . Previous leader epoch was -1. (state.change.logger)
[2023-11-12 17:23:16,367] INFO [Broker id=0] Leader __consumer_offsets-8 with topic id Some(H3BW9gl8Sm29C65k_Oel1Q) starts at leader epoch 0 from offset 0 with partition epoch 0, high watermark 0, ISR [0], adding replicas [] and removing replicas [] . Previous leader epoch was -1. (state.change.logger)
[2023-11-12 17:23:16,408] INFO [Broker id=0] Leader __consumer_offsets-45 with topic id Some(H3BW9gl8Sm29C65k_Oel1Q) starts at leader epoch 0 from offset 0 with partition epoch 0, high watermark 0, ISR [0], adding replicas [] and removing replicas [] . Previous leader epoch was -1. (state.change.logger)
[2023-11-12 17:23:16,446] INFO [Broker id=0] Leader __consumer_offsets-15 with topic id Some(H3BW9gl8Sm29C65k_Oel1Q) starts at leader epoch 0 from offset 0 with partition epoch 0, high watermark 0, ISR [0], adding replicas [] and removing replicas [] . Previous leader epoch was -1. (state.change.logger)
[2023-11-12 17:23:16,487] INFO [Broker id=0] Leader __consumer_offsets-30 with topic id Some(H3BW9gl8Sm29C65k_Oel1Q) starts at leader epoch 0 from offset 0 with partition epoch 0, high watermark 0, ISR [0], adding replicas [] and removing replicas [] . Previous leader epoch was -1. (state.change.logger)
[2023-11-12 17:23:16,529] INFO [Broker id=0] Leader __consumer_offsets-0 with topic id Some(H3BW9gl8Sm29C65k_Oel1Q) starts at leader epoch 0 from offset 0 with partition epoch 0, high watermark 0, ISR [0], adding replicas [] and removing replicas [] . Previous leader epoch was -1. (state.change.logger)
[2023-11-12 17:23:16,571] INFO [Broker id=0] Leader __consumer_offsets-35 with topic id Some(H3BW9gl8Sm29C65k_Oel1Q) starts at leader epoch 0 from offset 0 with partition epoch 0, high watermark 0, ISR [0], adding replicas [] and removing replicas [] . Previous leader epoch was -1. (state.change.logger)
[2023-11-12 17:23:16,611] INFO [Broker id=0] Leader __consumer_offsets-5 with topic id Some(H3BW9gl8Sm29C65k_Oel1Q) starts at leader epoch 0 from offset 0 with partition epoch 0, high watermark 0, ISR [0], adding replicas [] and removing replicas [] . Previous leader epoch was -1. (state.change.logger)
[2023-11-12 17:23:16,652] INFO [Broker id=0] Leader __consumer_offsets-20 with topic id Some(H3BW9gl8Sm29C65k_Oel1Q) starts at leader epoch 0 from offset 0 with partition epoch 0, high watermark 0, ISR [0], adding replicas [] and removing replicas [] . Previous leader epoch was -1. (state.change.logger)
[2023-11-12 17:23:16,692] INFO [Broker id=0] Leader __consumer_offsets-27 with topic id Some(H3BW9gl8Sm29C65k_Oel1Q) starts at leader epoch 0 from offset 0 with partition epoch 0, high watermark 0, ISR [0], adding replicas [] and removing replicas [] . Previous leader epoch was -1. (state.change.logger)
[2023-11-12 17:23:16,732] INFO [Broker id=0] Leader __consumer_offsets-42 with topic id Some(H3BW9gl8Sm29C65k_Oel1Q) starts at leader epoch 0 from offset 0 with partition epoch 0, high watermark 0, ISR [0], adding replicas [] and removing replicas [] . Previous leader epoch was -1. (state.change.logger)
[2023-11-12 17:23:16,773] INFO [Broker id=0] Leader __consumer_offsets-12 with topic id Some(H3BW9gl8Sm29C65k_Oel1Q) starts at leader epoch 0 from offset 0 with partition epoch 0, high watermark 0, ISR [0], adding replicas [] and removing replicas [] . Previous leader epoch was -1. (state.change.logger)
[2023-11-12 17:23:16,813] INFO [Broker id=0] Leader __consumer_offsets-21 with topic id Some(H3BW9gl8Sm29C65k_Oel1Q) starts at leader epoch 0 from offset 0 with partition epoch 0, high watermark 0, ISR [0], adding replicas [] and removing replicas [] . Previous leader epoch was -1. (state.change.logger)
[2023-11-12 17:23:16,855] INFO [Broker id=0] Leader __consumer_offsets-36 with topic id Some(H3BW9gl8Sm29C65k_Oel1Q) starts at leader epoch 0 from offset 0 with partition epoch 0, high watermark 0, ISR [0], adding replicas [] and removing replicas [] . Previous leader epoch was -1. (state.change.logger)
[2023-11-12 17:23:16,896] INFO [Broker id=0] Leader __consumer_offsets-6 with topic id Some(H3BW9gl8Sm29C65k_Oel1Q) starts at leader epoch 0 from offset 0 with partition epoch 0, high watermark 0, ISR [0], adding replicas [] and removing replicas [] . Previous leader epoch was -1. (state.change.logger)
[2023-11-12 17:23:16,938] INFO [Broker id=0] Leader __consumer_offsets-43 with topic id Some(H3BW9gl8Sm29C65k_Oel1Q) starts at leader epoch 0 from offset 0 with partition epoch 0, high watermark 0, ISR [0], adding replicas [] and removing replicas [] . Previous leader epoch was -1. (state.change.logger)
[2023-11-12 17:23:16,979] INFO [Broker id=0] Leader __consumer_offsets-13 with topic id Some(H3BW9gl8Sm29C65k_Oel1Q) starts at leader epoch 0 from offset 0 with partition epoch 0, high watermark 0, ISR [0], adding replicas [] and removing replicas [] . Previous leader epoch was -1. (state.change.logger)
[2023-11-12 17:23:17,021] INFO [Broker id=0] Leader __consumer_offsets-28 with topic id Some(H3BW9gl8Sm29C65k_Oel1Q) starts at leader epoch 0 from offset 0 with partition epoch 0, high watermark 0, ISR [0], adding replicas [] and removing replicas [] . Previous leader epoch was -1. (state.change.logger)
[2023-11-12 17:23:17,065] INFO [Broker id=0] Finished LeaderAndIsr request in 2061ms correlationId 3 from controller 0 for 50 partitions (state.change.logger)
[2023-11-12 17:23:17,068] INFO [Broker id=0] Add 50 partitions and deleted 0 partitions from metadata cache in response to UpdateMetadata request sent by controller 0 epoch 1 with correlation id 4 (state.change.logger)
[2023-11-12 17:25:33,241] INFO [Controller id=0 epoch=1] Changed partition topicFailName-0 state from NonExistentPartition to NewPartition with assigned replicas 0 (state.change.logger)
[2023-11-12 17:25:33,241] INFO [Controller id=0 epoch=1] Changed partition topicFailName-1 state from NonExistentPartition to NewPartition with assigned replicas 0 (state.change.logger)
[2023-11-12 17:25:33,241] INFO [Controller id=0 epoch=1] Changed partition topicFailName-2 state from NonExistentPartition to NewPartition with assigned replicas 0 (state.change.logger)
[2023-11-12 17:25:33,241] INFO [Controller id=0 epoch=1] Sending UpdateMetadata request to brokers HashSet() for 0 partitions (state.change.logger)
[2023-11-12 17:25:33,241] INFO [Controller id=0 epoch=1] Sending UpdateMetadata request to brokers HashSet() for 0 partitions (state.change.logger)
[2023-11-12 17:25:33,317] INFO [Controller id=0 epoch=1] Changed partition topicFailName-0 from NewPartition to OnlinePartition with state LeaderAndIsr(leader=0, leaderEpoch=0, isrWithBrokerEpoch=List(BrokerState(brokerId=0, brokerEpoch=-1)), leaderRecoveryState=RECOVERED, partitionEpoch=0) (state.change.logger)
[2023-11-12 17:25:33,317] INFO [Controller id=0 epoch=1] Changed partition topicFailName-1 from NewPartition to OnlinePartition with state LeaderAndIsr(leader=0, leaderEpoch=0, isrWithBrokerEpoch=List(BrokerState(brokerId=0, brokerEpoch=-1)), leaderRecoveryState=RECOVERED, partitionEpoch=0) (state.change.logger)
[2023-11-12 17:25:33,317] INFO [Controller id=0 epoch=1] Changed partition topicFailName-2 from NewPartition to OnlinePartition with state LeaderAndIsr(leader=0, leaderEpoch=0, isrWithBrokerEpoch=List(BrokerState(brokerId=0, brokerEpoch=-1)), leaderRecoveryState=RECOVERED, partitionEpoch=0) (state.change.logger)
[2023-11-12 17:25:33,317] INFO [Controller id=0 epoch=1] Sending LeaderAndIsr request to broker 0 with 3 become-leader and 0 become-follower partitions (state.change.logger)
[2023-11-12 17:25:33,317] INFO [Controller id=0 epoch=1] Sending UpdateMetadata request to brokers HashSet(0) for 3 partitions (state.change.logger)
[2023-11-12 17:25:33,318] INFO [Broker id=0] Handling LeaderAndIsr request correlationId 5 from controller 0 for 3 partitions (state.change.logger)
[2023-11-12 17:25:33,334] INFO [Controller id=0 epoch=1] Sending UpdateMetadata request to brokers HashSet() for 0 partitions (state.change.logger)
[2023-11-12 17:25:33,335] INFO [Broker id=0] Stopped fetchers as part of LeaderAndIsr request correlationId 5 from controller 0 epoch 1 as part of the become-leader transition for 3 partitions (state.change.logger)
[2023-11-12 17:25:33,361] INFO [Controller id=0 epoch=1] Changed partition topicSuccessName-0 state from NonExistentPartition to NewPartition with assigned replicas 0 (state.change.logger)
[2023-11-12 17:25:33,361] INFO [Controller id=0 epoch=1] Changed partition topicSuccessName-1 state from NonExistentPartition to NewPartition with assigned replicas 0 (state.change.logger)
[2023-11-12 17:25:33,361] INFO [Controller id=0 epoch=1] Changed partition topicSuccessName-2 state from NonExistentPartition to NewPartition with assigned replicas 0 (state.change.logger)
[2023-11-12 17:25:33,361] INFO [Controller id=0 epoch=1] Sending UpdateMetadata request to brokers HashSet() for 0 partitions (state.change.logger)
[2023-11-12 17:25:33,362] INFO [Controller id=0 epoch=1] Sending UpdateMetadata request to brokers HashSet() for 0 partitions (state.change.logger)
[2023-11-12 17:25:33,390] INFO [Broker id=0] Leader topicFailName-1 with topic id Some(WvDh-5iKRiKId4xau437-A) starts at leader epoch 0 from offset 0 with partition epoch 0, high watermark 0, ISR [0], adding replicas [] and removing replicas [] . Previous leader epoch was -1. (state.change.logger)
[2023-11-12 17:25:33,434] INFO [Controller id=0 epoch=1] Changed partition topicSuccessName-0 from NewPartition to OnlinePartition with state LeaderAndIsr(leader=0, leaderEpoch=0, isrWithBrokerEpoch=List(BrokerState(brokerId=0, brokerEpoch=-1)), leaderRecoveryState=RECOVERED, partitionEpoch=0) (state.change.logger)
[2023-11-12 17:25:33,434] INFO [Controller id=0 epoch=1] Changed partition topicSuccessName-1 from NewPartition to OnlinePartition with state LeaderAndIsr(leader=0, leaderEpoch=0, isrWithBrokerEpoch=List(BrokerState(brokerId=0, brokerEpoch=-1)), leaderRecoveryState=RECOVERED, partitionEpoch=0) (state.change.logger)
[2023-11-12 17:25:33,434] INFO [Controller id=0 epoch=1] Changed partition topicSuccessName-2 from NewPartition to OnlinePartition with state LeaderAndIsr(leader=0, leaderEpoch=0, isrWithBrokerEpoch=List(BrokerState(brokerId=0, brokerEpoch=-1)), leaderRecoveryState=RECOVERED, partitionEpoch=0) (state.change.logger)
[2023-11-12 17:25:33,434] INFO [Controller id=0 epoch=1] Sending LeaderAndIsr request to broker 0 with 3 become-leader and 0 become-follower partitions (state.change.logger)
[2023-11-12 17:25:33,434] INFO [Controller id=0 epoch=1] Sending UpdateMetadata request to brokers HashSet(0) for 3 partitions (state.change.logger)
[2023-11-12 17:25:33,435] INFO [Controller id=0 epoch=1] Sending UpdateMetadata request to brokers HashSet() for 0 partitions (state.change.logger)
[2023-11-12 17:25:33,438] INFO [Broker id=0] Leader topicFailName-2 with topic id Some(WvDh-5iKRiKId4xau437-A) starts at leader epoch 0 from offset 0 with partition epoch 0, high watermark 0, ISR [0], adding replicas [] and removing replicas [] . Previous leader epoch was -1. (state.change.logger)
[2023-11-12 17:25:33,474] INFO [Broker id=0] Leader topicFailName-0 with topic id Some(WvDh-5iKRiKId4xau437-A) starts at leader epoch 0 from offset 0 with partition epoch 0, high watermark 0, ISR [0], adding replicas [] and removing replicas [] . Previous leader epoch was -1. (state.change.logger)
[2023-11-12 17:25:33,524] INFO [Broker id=0] Finished LeaderAndIsr request in 206ms correlationId 5 from controller 0 for 3 partitions (state.change.logger)
[2023-11-12 17:25:33,526] INFO [Broker id=0] Add 3 partitions and deleted 0 partitions from metadata cache in response to UpdateMetadata request sent by controller 0 epoch 1 with correlation id 6 (state.change.logger)
[2023-11-12 17:25:33,529] INFO [Broker id=0] Handling LeaderAndIsr request correlationId 7 from controller 0 for 3 partitions (state.change.logger)
[2023-11-12 17:25:33,530] INFO [Broker id=0] Stopped fetchers as part of LeaderAndIsr request correlationId 7 from controller 0 epoch 1 as part of the become-leader transition for 3 partitions (state.change.logger)
[2023-11-12 17:25:33,541] INFO [Broker id=0] Leader topicSuccessName-2 with topic id Some(NcvxuhGuTQmM6ehmv6JX-g) starts at leader epoch 0 from offset 0 with partition epoch 0, high watermark 0, ISR [0], adding replicas [] and removing replicas [] . Previous leader epoch was -1. (state.change.logger)
[2023-11-12 17:25:33,582] INFO [Broker id=0] Leader topicSuccessName-0 with topic id Some(NcvxuhGuTQmM6ehmv6JX-g) starts at leader epoch 0 from offset 0 with partition epoch 0, high watermark 0, ISR [0], adding replicas [] and removing replicas [] . Previous leader epoch was -1. (state.change.logger)
[2023-11-12 17:25:33,622] INFO [Broker id=0] Leader topicSuccessName-1 with topic id Some(NcvxuhGuTQmM6ehmv6JX-g) starts at leader epoch 0 from offset 0 with partition epoch 0, high watermark 0, ISR [0], adding replicas [] and removing replicas [] . Previous leader epoch was -1. (state.change.logger)
[2023-11-12 17:25:33,656] INFO [Broker id=0] Finished LeaderAndIsr request in 127ms correlationId 7 from controller 0 for 3 partitions (state.change.logger)
[2023-11-12 17:25:33,658] INFO [Broker id=0] Add 3 partitions and deleted 0 partitions from metadata cache in response to UpdateMetadata request sent by controller 0 epoch 1 with correlation id 8 (state.change.logger)
[2023-11-12 17:32:25,193] INFO [Controller id=0 epoch=1] Changed partition topicName-0 state from NonExistentPartition to NewPartition with assigned replicas 0 (state.change.logger)
[2023-11-12 17:32:25,195] INFO [Controller id=0 epoch=1] Changed partition topicName-1 state from NonExistentPartition to NewPartition with assigned replicas 0 (state.change.logger)
[2023-11-12 17:32:25,195] INFO [Controller id=0 epoch=1] Changed partition topicName-2 state from NonExistentPartition to NewPartition with assigned replicas 0 (state.change.logger)
[2023-11-12 17:32:25,198] INFO [Controller id=0 epoch=1] Sending UpdateMetadata request to brokers HashSet() for 0 partitions (state.change.logger)
[2023-11-12 17:32:25,199] INFO [Controller id=0 epoch=1] Sending UpdateMetadata request to brokers HashSet() for 0 partitions (state.change.logger)
[2023-11-12 17:32:25,298] INFO [Controller id=0 epoch=1] Changed partition topicName-0 from NewPartition to OnlinePartition with state LeaderAndIsr(leader=0, leaderEpoch=0, isrWithBrokerEpoch=List(BrokerState(brokerId=0, brokerEpoch=-1)), leaderRecoveryState=RECOVERED, partitionEpoch=0) (state.change.logger)
[2023-11-12 17:32:25,298] INFO [Controller id=0 epoch=1] Changed partition topicName-1 from NewPartition to OnlinePartition with state LeaderAndIsr(leader=0, leaderEpoch=0, isrWithBrokerEpoch=List(BrokerState(brokerId=0, brokerEpoch=-1)), leaderRecoveryState=RECOVERED, partitionEpoch=0) (state.change.logger)
[2023-11-12 17:32:25,298] INFO [Controller id=0 epoch=1] Changed partition topicName-2 from NewPartition to OnlinePartition with state LeaderAndIsr(leader=0, leaderEpoch=0, isrWithBrokerEpoch=List(BrokerState(brokerId=0, brokerEpoch=-1)), leaderRecoveryState=RECOVERED, partitionEpoch=0) (state.change.logger)
[2023-11-12 17:32:25,298] INFO [Controller id=0 epoch=1] Sending LeaderAndIsr request to broker 0 with 3 become-leader and 0 become-follower partitions (state.change.logger)
[2023-11-12 17:32:25,298] INFO [Controller id=0 epoch=1] Sending UpdateMetadata request to brokers HashSet(0) for 3 partitions (state.change.logger)
[2023-11-12 17:32:25,299] INFO [Controller id=0 epoch=1] Sending UpdateMetadata request to brokers HashSet() for 0 partitions (state.change.logger)
[2023-11-12 17:32:25,300] INFO [Broker id=0] Handling LeaderAndIsr request correlationId 9 from controller 0 for 3 partitions (state.change.logger)
[2023-11-12 17:32:25,306] INFO [Broker id=0] Stopped fetchers as part of LeaderAndIsr request correlationId 9 from controller 0 epoch 1 as part of the become-leader transition for 3 partitions (state.change.logger)
[2023-11-12 17:32:25,321] INFO [Broker id=0] Leader topicName-2 with topic id Some(CbfHbH-1Ssen2CVTD6jhfQ) starts at leader epoch 0 from offset 0 with partition epoch 0, high watermark 0, ISR [0], adding replicas [] and removing replicas [] . Previous leader epoch was -1. (state.change.logger)
[2023-11-12 17:32:25,357] INFO [Broker id=0] Leader topicName-1 with topic id Some(CbfHbH-1Ssen2CVTD6jhfQ) starts at leader epoch 0 from offset 0 with partition epoch 0, high watermark 0, ISR [0], adding replicas [] and removing replicas [] . Previous leader epoch was -1. (state.change.logger)
[2023-11-12 17:32:25,381] INFO [Broker id=0] Leader topicName-0 with topic id Some(CbfHbH-1Ssen2CVTD6jhfQ) starts at leader epoch 0 from offset 0 with partition epoch 0, high watermark 0, ISR [0], adding replicas [] and removing replicas [] . Previous leader epoch was -1. (state.change.logger)
[2023-11-12 17:32:25,409] INFO [Broker id=0] Finished LeaderAndIsr request in 109ms correlationId 9 from controller 0 for 3 partitions (state.change.logger)
[2023-11-12 17:32:25,425] INFO [Broker id=0] Add 3 partitions and deleted 0 partitions from metadata cache in response to UpdateMetadata request sent by controller 0 epoch 1 with correlation id 10 (state.change.logger)
